[0.063s] DEBUG:colcon:Command line arguments: ['/usr/bin/colcon', 'build']
[0.063s] DEBUG:colcon:Parsed command line arguments: Namespace(log_base=None, log_level=None, verb_name='build', build_base='build', install_base='install', merge_install=False, symlink_install=False, test_result_base=None, continue_on_error=False, executor='parallel', parallel_workers=20, event_handlers=None, ignore_user_meta=False, metas=['./colcon.meta'], base_paths=['.'], packages_ignore=None, packages_ignore_regex=None, paths=None, packages_up_to=None, packages_up_to_regex=None, packages_above=None, packages_above_and_dependencies=None, packages_above_depth=None, packages_select_by_dep=None, packages_skip_by_dep=None, packages_skip_up_to=None, packages_select_build_failed=False, packages_skip_build_finished=False, packages_select_test_failures=False, packages_skip_test_passed=False, packages_select=None, packages_skip=None, packages_select_regex=None, packages_skip_regex=None, packages_start=None, packages_end=None, allow_overriding=[], cmake_args=None, cmake_target=None, cmake_target_skip_unavailable=False, cmake_clean_cache=False, cmake_clean_first=False, cmake_force_configure=False, ament_cmake_args=None, catkin_cmake_args=None, catkin_skip_building_tests=False, mixin_files=None, mixin=None, verb_parser=<colcon_mixin.mixin.mixin_argument.MixinArgumentDecorator object at 0x7f4adaf78f10>, verb_extension=<colcon_core.verb.build.BuildVerb object at 0x7f4adb071510>, main=<bound method BuildVerb.main of <colcon_core.verb.build.BuildVerb object at 0x7f4adb071510>>, mixin_verb=('build',))
[0.083s] Level 1:colcon.colcon_core.package_discovery:discover_packages(colcon_meta) check parameters
[0.083s] Level 1:colcon.colcon_core.package_discovery:discover_packages(recursive) check parameters
[0.083s] Level 1:colcon.colcon_core.package_discovery:discover_packages(ignore) check parameters
[0.083s] Level 1:colcon.colcon_core.package_discovery:discover_packages(path) check parameters
[0.083s] Level 1:colcon.colcon_core.package_discovery:discover_packages(colcon_meta) discover
[0.083s] Level 1:colcon.colcon_core.package_discovery:discover_packages(recursive) discover
[0.083s] INFO:colcon.colcon_core.package_discovery:Crawling recursively for packages in '/home/robotics/ur16_ros2_ws/src/ball_detector_cpp'
[0.084s] Level 1:colcon.colcon_core.package_identification:_identify(.) by extensions ['ignore', 'ignore_ament_install']
[0.084s] Level 1:colcon.colcon_core.package_identification:_identify(.) by extension 'ignore'
[0.084s] Level 1:colcon.colcon_core.package_identification:_identify(.) by extension 'ignore_ament_install'
[0.084s] Level 1:colcon.colcon_core.package_identification:_identify(.) by extensions ['colcon_pkg']
[0.084s] Level 1:colcon.colcon_core.package_identification:_identify(.) by extension 'colcon_pkg'
[0.084s] Level 1:colcon.colcon_core.package_identification:_identify(.) by extensions ['colcon_meta']
[0.084s] Level 1:colcon.colcon_core.package_identification:_identify(.) by extension 'colcon_meta'
[0.084s] Level 1:colcon.colcon_core.package_identification:_identify(.) by extensions ['ros']
[0.084s] Level 1:colcon.colcon_core.package_identification:_identify(.) by extension 'ros'
[0.093s] DEBUG:colcon.colcon_core.package_identification:Package '.' with type 'ros.ament_cmake' and name 'ball_detector_cpp'
[0.093s] Level 1:colcon.colcon_core.package_discovery:discover_packages(recursive) using defaults
[0.093s] Level 1:colcon.colcon_core.package_discovery:discover_packages(ignore) discover
[0.093s] Level 1:colcon.colcon_core.package_discovery:discover_packages(ignore) using defaults
[0.093s] Level 1:colcon.colcon_core.package_discovery:discover_packages(path) discover
[0.093s] Level 1:colcon.colcon_core.package_discovery:discover_packages(path) using defaults
[0.103s] Level 1:colcon.colcon_core.package_discovery:discover_packages(prefix_path) check parameters
[0.104s] Level 1:colcon.colcon_core.package_discovery:discover_packages(prefix_path) discover
[0.105s] DEBUG:colcon.colcon_installed_package_information.package_discovery:Found 345 installed packages in /opt/ros/humble
[0.106s] Level 1:colcon.colcon_core.package_discovery:discover_packages(prefix_path) using defaults
[0.126s] Level 5:colcon.colcon_core.verb:set package 'ball_detector_cpp' build argument 'cmake_args' from command line to 'None'
[0.126s] Level 5:colcon.colcon_core.verb:set package 'ball_detector_cpp' build argument 'cmake_target' from command line to 'None'
[0.127s] Level 5:colcon.colcon_core.verb:set package 'ball_detector_cpp' build argument 'cmake_target_skip_unavailable' from command line to 'False'
[0.127s] Level 5:colcon.colcon_core.verb:set package 'ball_detector_cpp' build argument 'cmake_clean_cache' from command line to 'False'
[0.127s] Level 5:colcon.colcon_core.verb:set package 'ball_detector_cpp' build argument 'cmake_clean_first' from command line to 'False'
[0.127s] Level 5:colcon.colcon_core.verb:set package 'ball_detector_cpp' build argument 'cmake_force_configure' from command line to 'False'
[0.127s] Level 5:colcon.colcon_core.verb:set package 'ball_detector_cpp' build argument 'ament_cmake_args' from command line to 'None'
[0.127s] Level 5:colcon.colcon_core.verb:set package 'ball_detector_cpp' build argument 'catkin_cmake_args' from command line to 'None'
[0.127s] Level 5:colcon.colcon_core.verb:set package 'ball_detector_cpp' build argument 'catkin_skip_building_tests' from command line to 'False'
[0.127s] DEBUG:colcon.colcon_core.verb:Building package 'ball_detector_cpp' with the following arguments: {'ament_cmake_args': None, 'build_base': '/home/robotics/ur16_ros2_ws/src/ball_detector_cpp/build/ball_detector_cpp', 'catkin_cmake_args': None, 'catkin_skip_building_tests': False, 'cmake_args': None, 'cmake_clean_cache': False, 'cmake_clean_first': False, 'cmake_force_configure': False, 'cmake_target': None, 'cmake_target_skip_unavailable': False, 'install_base': '/home/robotics/ur16_ros2_ws/src/ball_detector_cpp/install/ball_detector_cpp', 'merge_install': False, 'path': '/home/robotics/ur16_ros2_ws/src/ball_detector_cpp', 'symlink_install': False, 'test_result_base': None}
[0.127s] INFO:colcon.colcon_core.executor:Executing jobs using 'parallel' executor
[0.127s] DEBUG:colcon.colcon_parallel_executor.executor.parallel:run_until_complete
[0.127s] INFO:colcon.colcon_ros.task.ament_cmake.build:Building ROS package in '/home/robotics/ur16_ros2_ws/src/ball_detector_cpp' with build type 'ament_cmake'
[0.127s] INFO:colcon.colcon_cmake.task.cmake.build:Building CMake package in '/home/robotics/ur16_ros2_ws/src/ball_detector_cpp'
[0.129s] INFO:colcon.colcon_core.plugin_system:Skipping extension 'colcon_core.shell.bat': Not used on non-Windows systems
[0.130s] INFO:colcon.colcon_core.shell:Skip shell extension 'powershell' for command environment: Not usable outside of PowerShell
[0.130s] DEBUG:colcon.colcon_core.shell:Skip shell extension 'dsv' for command environment
[0.133s] DEBUG:colcon.colcon_core.event_handler.log_command:Invoking command in '/home/robotics/ur16_ros2_ws/src/ball_detector_cpp/build/ball_detector_cpp': CMAKE_PREFIX_PATH=/opt/ros/humble /usr/bin/cmake /home/robotics/ur16_ros2_ws/src/ball_detector_cpp -DCMAKE_INSTALL_PREFIX=/home/robotics/ur16_ros2_ws/src/ball_detector_cpp/install/ball_detector_cpp
[0.914s] DEBUG:colcon.colcon_core.event_handler.log_command:Invoked command in '/home/robotics/ur16_ros2_ws/src/ball_detector_cpp/build/ball_detector_cpp' returned '0': CMAKE_PREFIX_PATH=/opt/ros/humble /usr/bin/cmake /home/robotics/ur16_ros2_ws/src/ball_detector_cpp -DCMAKE_INSTALL_PREFIX=/home/robotics/ur16_ros2_ws/src/ball_detector_cpp/install/ball_detector_cpp
[0.915s] DEBUG:colcon.colcon_core.event_handler.log_command:Invoking command in '/home/robotics/ur16_ros2_ws/src/ball_detector_cpp/build/ball_detector_cpp': CMAKE_PREFIX_PATH=/opt/ros/humble /usr/bin/cmake --build /home/robotics/ur16_ros2_ws/src/ball_detector_cpp/build/ball_detector_cpp -- -j20 -l20
[7.823s] DEBUG:colcon.colcon_core.event_handler.log_command:Invoked command in '/home/robotics/ur16_ros2_ws/src/ball_detector_cpp/build/ball_detector_cpp' returned '0': CMAKE_PREFIX_PATH=/opt/ros/humble /usr/bin/cmake --build /home/robotics/ur16_ros2_ws/src/ball_detector_cpp/build/ball_detector_cpp -- -j20 -l20
[7.840s] DEBUG:colcon.colcon_core.event_handler.log_command:Invoking command in '/home/robotics/ur16_ros2_ws/src/ball_detector_cpp/build/ball_detector_cpp': CMAKE_PREFIX_PATH=/opt/ros/humble /usr/bin/cmake --install /home/robotics/ur16_ros2_ws/src/ball_detector_cpp/build/ball_detector_cpp
[7.848s] Level 1:colcon.colcon_core.environment:create_environment_scripts_only(ball_detector_cpp)
[7.848s] DEBUG:colcon.colcon_core.event_handler.log_command:Invoked command in '/home/robotics/ur16_ros2_ws/src/ball_detector_cpp/build/ball_detector_cpp' returned '0': CMAKE_PREFIX_PATH=/opt/ros/humble /usr/bin/cmake --install /home/robotics/ur16_ros2_ws/src/ball_detector_cpp/build/ball_detector_cpp
[7.850s] Level 1:colcon.colcon_core.environment:checking '/home/robotics/ur16_ros2_ws/src/ball_detector_cpp/install/ball_detector_cpp' for CMake module files
[7.850s] Level 1:colcon.colcon_core.environment:checking '/home/robotics/ur16_ros2_ws/src/ball_detector_cpp/install/ball_detector_cpp' for CMake config files
[7.850s] Level 1:colcon.colcon_core.shell:create_environment_hook('ball_detector_cpp', 'cmake_prefix_path')
[7.850s] INFO:colcon.colcon_core.shell:Creating environment hook '/home/robotics/ur16_ros2_ws/src/ball_detector_cpp/install/ball_detector_cpp/share/ball_detector_cpp/hook/cmake_prefix_path.ps1'
[7.851s] INFO:colcon.colcon_core.shell:Creating environment descriptor '/home/robotics/ur16_ros2_ws/src/ball_detector_cpp/install/ball_detector_cpp/share/ball_detector_cpp/hook/cmake_prefix_path.dsv'
[7.851s] INFO:colcon.colcon_core.shell:Creating environment hook '/home/robotics/ur16_ros2_ws/src/ball_detector_cpp/install/ball_detector_cpp/share/ball_detector_cpp/hook/cmake_prefix_path.sh'
[7.852s] Level 1:colcon.colcon_core.environment:checking '/home/robotics/ur16_ros2_ws/src/ball_detector_cpp/install/ball_detector_cpp/lib'
[7.852s] Level 1:colcon.colcon_core.environment:checking '/home/robotics/ur16_ros2_ws/src/ball_detector_cpp/install/ball_detector_cpp/bin'
[7.852s] Level 1:colcon.colcon_core.environment:checking '/home/robotics/ur16_ros2_ws/src/ball_detector_cpp/install/ball_detector_cpp/lib/pkgconfig/ball_detector_cpp.pc'
[7.852s] Level 1:colcon.colcon_core.environment:checking '/home/robotics/ur16_ros2_ws/src/ball_detector_cpp/install/ball_detector_cpp/lib/python3.10/site-packages'
[7.852s] Level 1:colcon.colcon_core.environment:checking '/home/robotics/ur16_ros2_ws/src/ball_detector_cpp/install/ball_detector_cpp/bin'
[7.852s] INFO:colcon.colcon_core.shell:Creating package script '/home/robotics/ur16_ros2_ws/src/ball_detector_cpp/install/ball_detector_cpp/share/ball_detector_cpp/package.ps1'
[7.853s] INFO:colcon.colcon_core.shell:Creating package descriptor '/home/robotics/ur16_ros2_ws/src/ball_detector_cpp/install/ball_detector_cpp/share/ball_detector_cpp/package.dsv'
[7.853s] INFO:colcon.colcon_core.shell:Creating package script '/home/robotics/ur16_ros2_ws/src/ball_detector_cpp/install/ball_detector_cpp/share/ball_detector_cpp/package.sh'
[7.853s] INFO:colcon.colcon_core.shell:Creating package script '/home/robotics/ur16_ros2_ws/src/ball_detector_cpp/install/ball_detector_cpp/share/ball_detector_cpp/package.bash'
[7.854s] INFO:colcon.colcon_core.shell:Creating package script '/home/robotics/ur16_ros2_ws/src/ball_detector_cpp/install/ball_detector_cpp/share/ball_detector_cpp/package.zsh'
[7.854s] Level 1:colcon.colcon_core.environment:create_file_with_runtime_dependencies(/home/robotics/ur16_ros2_ws/src/ball_detector_cpp/install/ball_detector_cpp/share/colcon-core/packages/ball_detector_cpp)
[7.866s] Level 1:colcon.colcon_core.environment:create_environment_scripts_only(ball_detector_cpp)
[7.867s] Level 1:colcon.colcon_core.environment:checking '/home/robotics/ur16_ros2_ws/src/ball_detector_cpp/install/ball_detector_cpp' for CMake module files
[7.867s] Level 1:colcon.colcon_core.environment:checking '/home/robotics/ur16_ros2_ws/src/ball_detector_cpp/install/ball_detector_cpp' for CMake config files
[7.867s] Level 1:colcon.colcon_core.shell:create_environment_hook('ball_detector_cpp', 'cmake_prefix_path')
[7.867s] INFO:colcon.colcon_core.shell:Creating environment hook '/home/robotics/ur16_ros2_ws/src/ball_detector_cpp/install/ball_detector_cpp/share/ball_detector_cpp/hook/cmake_prefix_path.ps1'
[7.867s] INFO:colcon.colcon_core.shell:Creating environment descriptor '/home/robotics/ur16_ros2_ws/src/ball_detector_cpp/install/ball_detector_cpp/share/ball_detector_cpp/hook/cmake_prefix_path.dsv'
[7.867s] INFO:colcon.colcon_core.shell:Creating environment hook '/home/robotics/ur16_ros2_ws/src/ball_detector_cpp/install/ball_detector_cpp/share/ball_detector_cpp/hook/cmake_prefix_path.sh'
[7.868s] Level 1:colcon.colcon_core.environment:checking '/home/robotics/ur16_ros2_ws/src/ball_detector_cpp/install/ball_detector_cpp/lib'
[7.868s] Level 1:colcon.colcon_core.environment:checking '/home/robotics/ur16_ros2_ws/src/ball_detector_cpp/install/ball_detector_cpp/bin'
[7.868s] Level 1:colcon.colcon_core.environment:checking '/home/robotics/ur16_ros2_ws/src/ball_detector_cpp/install/ball_detector_cpp/lib/pkgconfig/ball_detector_cpp.pc'
[7.868s] Level 1:colcon.colcon_core.environment:checking '/home/robotics/ur16_ros2_ws/src/ball_detector_cpp/install/ball_detector_cpp/lib/python3.10/site-packages'
[7.868s] Level 1:colcon.colcon_core.environment:checking '/home/robotics/ur16_ros2_ws/src/ball_detector_cpp/install/ball_detector_cpp/bin'
[7.868s] INFO:colcon.colcon_core.shell:Creating package script '/home/robotics/ur16_ros2_ws/src/ball_detector_cpp/install/ball_detector_cpp/share/ball_detector_cpp/package.ps1'
[7.868s] INFO:colcon.colcon_core.shell:Creating package descriptor '/home/robotics/ur16_ros2_ws/src/ball_detector_cpp/install/ball_detector_cpp/share/ball_detector_cpp/package.dsv'
[7.869s] INFO:colcon.colcon_core.shell:Creating package script '/home/robotics/ur16_ros2_ws/src/ball_detector_cpp/install/ball_detector_cpp/share/ball_detector_cpp/package.sh'
[7.869s] INFO:colcon.colcon_core.shell:Creating package script '/home/robotics/ur16_ros2_ws/src/ball_detector_cpp/install/ball_detector_cpp/share/ball_detector_cpp/package.bash'
[7.869s] INFO:colcon.colcon_core.shell:Creating package script '/home/robotics/ur16_ros2_ws/src/ball_detector_cpp/install/ball_detector_cpp/share/ball_detector_cpp/package.zsh'
[7.869s] Level 1:colcon.colcon_core.environment:create_file_with_runtime_dependencies(/home/robotics/ur16_ros2_ws/src/ball_detector_cpp/install/ball_detector_cpp/share/colcon-core/packages/ball_detector_cpp)
[7.869s] DEBUG:colcon.colcon_parallel_executor.executor.parallel:closing loop
[7.869s] DEBUG:colcon.colcon_parallel_executor.executor.parallel:loop closed
[7.869s] DEBUG:colcon.colcon_parallel_executor.executor.parallel:run_until_complete finished with '0'
[7.869s] DEBUG:colcon.colcon_core.event_reactor:joining thread
[7.873s] INFO:colcon.colcon_core.plugin_system:Skipping extension 'colcon_notification.desktop_notification.terminal_notifier': Not used on non-Darwin systems
[7.873s] INFO:colcon.colcon_core.plugin_system:Skipping extension 'colcon_notification.desktop_notification.win32': Not used on non-Windows systems
[7.873s] INFO:colcon.colcon_notification.desktop_notification:Sending desktop notification using 'notify2'
[7.876s] DEBUG:colcon.colcon_core.event_reactor:joined thread
[7.876s] INFO:colcon.colcon_core.shell:Creating prefix script '/home/robotics/ur16_ros2_ws/src/ball_detector_cpp/install/local_setup.ps1'
[7.876s] INFO:colcon.colcon_core.shell:Creating prefix util module '/home/robotics/ur16_ros2_ws/src/ball_detector_cpp/install/_local_setup_util_ps1.py'
[7.877s] INFO:colcon.colcon_core.shell:Creating prefix chain script '/home/robotics/ur16_ros2_ws/src/ball_detector_cpp/install/setup.ps1'
[7.878s] INFO:colcon.colcon_core.shell:Creating prefix script '/home/robotics/ur16_ros2_ws/src/ball_detector_cpp/install/local_setup.sh'
[7.878s] INFO:colcon.colcon_core.shell:Creating prefix util module '/home/robotics/ur16_ros2_ws/src/ball_detector_cpp/install/_local_setup_util_sh.py'
[7.878s] INFO:colcon.colcon_core.shell:Creating prefix chain script '/home/robotics/ur16_ros2_ws/src/ball_detector_cpp/install/setup.sh'
[7.879s] INFO:colcon.colcon_core.shell:Creating prefix script '/home/robotics/ur16_ros2_ws/src/ball_detector_cpp/install/local_setup.bash'
[7.879s] INFO:colcon.colcon_core.shell:Creating prefix chain script '/home/robotics/ur16_ros2_ws/src/ball_detector_cpp/install/setup.bash'
[7.879s] INFO:colcon.colcon_core.shell:Creating prefix script '/home/robotics/ur16_ros2_ws/src/ball_detector_cpp/install/local_setup.zsh'
[7.880s] INFO:colcon.colcon_core.shell:Creating prefix chain script '/home/robotics/ur16_ros2_ws/src/ball_detector_cpp/install/setup.zsh'
