[0.005s] Invoking command in '/home/robotics/ur16_ros2_ws/src/ball_detector_cpp/build/ball_detector_cpp': CMAKE_PREFIX_PATH=/opt/ros/humble /usr/bin/cmake /home/robotics/ur16_ros2_ws/src/ball_detector_cpp -DCMAKE_INSTALL_PREFIX=/home/robotics/ur16_ros2_ws/src/ball_detector_cpp/install/ball_detector_cpp
[0.035s] -- The C compiler identification is GNU 11.4.0
[0.063s] -- The CXX compiler identification is GNU 11.4.0
[0.067s] -- Detecting C compiler ABI info
[0.103s] -- Detecting C compiler ABI info - done
[0.106s] -- Check for working C compiler: /usr/bin/cc - skipped
[0.107s] -- Detecting C compile features
[0.107s] -- Detecting C compile features - done
[0.109s] -- Detecting CXX compiler ABI info
[0.149s] -- Detecting CXX compiler ABI info - done
[0.153s] -- Check for working CXX compiler: /usr/bin/c++ - skipped
[0.153s] -- Detecting CXX compile features
[0.153s] -- Detecting CXX compile features - done
[0.154s] -- Found ament_cmake: 1.3.10 (/opt/ros/humble/share/ament_cmake/cmake)
[0.350s] -- Found Python3: /usr/bin/python3 (found version "3.10.12") found components: Interpreter 
[0.394s] -- Found rclcpp: 16.0.10 (/opt/ros/humble/share/rclcpp/cmake)
[0.415s] -- Found rosidl_generator_c: 3.1.5 (/opt/ros/humble/share/rosidl_generator_c/cmake)
[0.417s] -- Found rosidl_adapter: 3.1.5 (/opt/ros/humble/share/rosidl_adapter/cmake)
[0.421s] -- Found rosidl_generator_cpp: 3.1.5 (/opt/ros/humble/share/rosidl_generator_cpp/cmake)
[0.427s] -- Using all available rosidl_typesupport_c: rosidl_typesupport_fastrtps_c;rosidl_typesupport_introspection_c
[0.435s] -- Using all available rosidl_typesupport_cpp: rosidl_typesupport_fastrtps_cpp;rosidl_typesupport_introspection_cpp
[0.456s] -- Found rmw_implementation_cmake: 6.1.2 (/opt/ros/humble/share/rmw_implementation_cmake/cmake)
[0.457s] -- Found rmw_fastrtps_cpp: 6.2.7 (/opt/ros/humble/share/rmw_fastrtps_cpp/cmake)
[0.504s] -- Found OpenSSL: /usr/lib/x86_64-linux-gnu/libcrypto.so (found version "3.0.2")  
[0.519s] -- Found FastRTPS: /opt/ros/humble/include  
[0.544s] -- Using RMW implementation 'rmw_fastrtps_cpp' as default
[0.548s] -- Looking for pthread.h
[0.585s] -- Looking for pthread.h - found
[0.585s] -- Performing Test CMAKE_HAVE_LIBC_PTHREAD
[0.623s] -- Performing Test CMAKE_HAVE_LIBC_PTHREAD - Success
[0.623s] -- Found Threads: TRUE  
[0.650s] -- Found sensor_msgs: 4.2.4 (/opt/ros/humble/share/sensor_msgs/cmake)
[0.665s] -- Found tf2: 0.25.7 (/opt/ros/humble/share/tf2/cmake)
[0.671s] -- Found tf2_ros: 0.25.7 (/opt/ros/humble/share/tf2_ros/cmake)
[0.717s] -- Found tf2_geometry_msgs: 0.25.7 (/opt/ros/humble/share/tf2_geometry_msgs/cmake)
[0.724s] -- Found eigen3_cmake_module: 0.1.1 (/opt/ros/humble/share/eigen3_cmake_module/cmake)
[0.724s] -- Found Eigen3: TRUE (found version "3.4.0") 
[0.724s] -- Ensuring Eigen3 include directory is part of orocos-kdl CMake target
[0.726s] -- Found cv_bridge: 3.2.1 (/opt/ros/humble/share/cv_bridge/cmake)
[0.733s] -- Found OpenCV: /usr (found version "4.5.4") 
[0.771s] -- Configuring done
[0.778s] -- Generating done
[0.779s] -- Build files have been written to: /home/robotics/ur16_ros2_ws/src/ball_detector_cpp/build/ball_detector_cpp
[0.786s] Invoked command in '/home/robotics/ur16_ros2_ws/src/ball_detector_cpp/build/ball_detector_cpp' returned '0': CMAKE_PREFIX_PATH=/opt/ros/humble /usr/bin/cmake /home/robotics/ur16_ros2_ws/src/ball_detector_cpp -DCMAKE_INSTALL_PREFIX=/home/robotics/ur16_ros2_ws/src/ball_detector_cpp/install/ball_detector_cpp
[0.787s] Invoking command in '/home/robotics/ur16_ros2_ws/src/ball_detector_cpp/build/ball_detector_cpp': CMAKE_PREFIX_PATH=/opt/ros/humble /usr/bin/cmake --build /home/robotics/ur16_ros2_ws/src/ball_detector_cpp/build/ball_detector_cpp -- -j20 -l20
[0.812s] [ 50%] [32mBuilding CXX object CMakeFiles/ball_detector.dir/src/ball_detector.cpp.o[0m
[0.934s] In file included from [01m[K/home/robotics/ur16_ros2_ws/src/ball_detector_cpp/src/ball_detector.cpp:7[m[K:
[0.934s] [01m[K/opt/ros/humble/include/tf2_geometry_msgs/tf2_geometry_msgs/tf2_geometry_msgs.h:35:2:[m[K [01;35m[Kwarning: [m[K#warning This header is obsolete, please include tf2_geometry_msgs/tf2_geometry_msgs.hpp instead [[01;35m[K]8;;https://gcc.gnu.org/onlinedocs/gcc/Warning-Options.html#index-Wcpp-Wcpp]8;;[m[K]
[0.934s]    35 | #[01;35m[Kwarning[m[K This header is obsolete, please include tf2_geometry_msgs/tf2_geometry_msgs.hpp instead
[0.934s]       |  [01;35m[K^~~~~~~[m[K
[7.144s] [100%] [32m[1mLinking CXX executable ball_detector[0m
[7.689s] [100%] Built target ball_detector
[7.695s] Invoked command in '/home/robotics/ur16_ros2_ws/src/ball_detector_cpp/build/ball_detector_cpp' returned '0': CMAKE_PREFIX_PATH=/opt/ros/humble /usr/bin/cmake --build /home/robotics/ur16_ros2_ws/src/ball_detector_cpp/build/ball_detector_cpp -- -j20 -l20
[7.712s] Invoking command in '/home/robotics/ur16_ros2_ws/src/ball_detector_cpp/build/ball_detector_cpp': CMAKE_PREFIX_PATH=/opt/ros/humble /usr/bin/cmake --install /home/robotics/ur16_ros2_ws/src/ball_detector_cpp/build/ball_detector_cpp
[7.716s] -- Install configuration: ""
[7.716s] -- Installing: /home/robotics/ur16_ros2_ws/src/ball_detector_cpp/install/ball_detector_cpp/lib/ball_detector_cpp/ball_detector
[7.719s] -- Set runtime path of "/home/robotics/ur16_ros2_ws/src/ball_detector_cpp/install/ball_detector_cpp/lib/ball_detector_cpp/ball_detector" to ""
[7.719s] -- Installing: /home/robotics/ur16_ros2_ws/src/ball_detector_cpp/install/ball_detector_cpp/share/ament_index/resource_index/package_run_dependencies/ball_detector_cpp
[7.719s] -- Installing: /home/robotics/ur16_ros2_ws/src/ball_detector_cpp/install/ball_detector_cpp/share/ament_index/resource_index/parent_prefix_path/ball_detector_cpp
[7.719s] -- Installing: /home/robotics/ur16_ros2_ws/src/ball_detector_cpp/install/ball_detector_cpp/share/ball_detector_cpp/environment/ament_prefix_path.sh
[7.719s] -- Installing: /home/robotics/ur16_ros2_ws/src/ball_detector_cpp/install/ball_detector_cpp/share/ball_detector_cpp/environment/ament_prefix_path.dsv
[7.719s] -- Installing: /home/robotics/ur16_ros2_ws/src/ball_detector_cpp/install/ball_detector_cpp/share/ball_detector_cpp/environment/path.sh
[7.719s] -- Installing: /home/robotics/ur16_ros2_ws/src/ball_detector_cpp/install/ball_detector_cpp/share/ball_detector_cpp/environment/path.dsv
[7.719s] -- Installing: /home/robotics/ur16_ros2_ws/src/ball_detector_cpp/install/ball_detector_cpp/share/ball_detector_cpp/local_setup.bash
[7.719s] -- Installing: /home/robotics/ur16_ros2_ws/src/ball_detector_cpp/install/ball_detector_cpp/share/ball_detector_cpp/local_setup.sh
[7.719s] -- Installing: /home/robotics/ur16_ros2_ws/src/ball_detector_cpp/install/ball_detector_cpp/share/ball_detector_cpp/local_setup.zsh
[7.719s] -- Installing: /home/robotics/ur16_ros2_ws/src/ball_detector_cpp/install/ball_detector_cpp/share/ball_detector_cpp/local_setup.dsv
[7.719s] -- Installing: /home/robotics/ur16_ros2_ws/src/ball_detector_cpp/install/ball_detector_cpp/share/ball_detector_cpp/package.dsv
[7.719s] -- Installing: /home/robotics/ur16_ros2_ws/src/ball_detector_cpp/install/ball_detector_cpp/share/ament_index/resource_index/packages/ball_detector_cpp
[7.719s] -- Installing: /home/robotics/ur16_ros2_ws/src/ball_detector_cpp/install/ball_detector_cpp/share/ball_detector_cpp/cmake/ball_detector_cppConfig.cmake
[7.719s] -- Installing: /home/robotics/ur16_ros2_ws/src/ball_detector_cpp/install/ball_detector_cpp/share/ball_detector_cpp/cmake/ball_detector_cppConfig-version.cmake
[7.719s] -- Installing: /home/robotics/ur16_ros2_ws/src/ball_detector_cpp/install/ball_detector_cpp/share/ball_detector_cpp/package.xml
[7.720s] Invoked command in '/home/robotics/ur16_ros2_ws/src/ball_detector_cpp/build/ball_detector_cpp' returned '0': CMAKE_PREFIX_PATH=/opt/ros/humble /usr/bin/cmake --install /home/robotics/ur16_ros2_ws/src/ball_detector_cpp/build/ball_detector_cpp
