[0.006s] Invoking command in '/home/robotics/ur16_ros2_ws/src/ball_detector_cpp/build/ball_detector_cpp': CMAKE_PREFIX_PATH=${CMAKE_PREFIX_PATH}:/opt/ros/humble /usr/bin/cmake --build /home/robotics/ur16_ros2_ws/src/ball_detector_cpp/build/ball_detector_cpp -- -j20 -l20
[0.030s] [35m[1mConsolidate compiler generated dependencies of target ball_detector[0m
[0.042s] [ 50%] [32mBuilding CXX object CMakeFiles/ball_detector.dir/src/ball_detector.cpp.o[0m
[6.831s] [100%] [32m[1mLinking CXX executable ball_detector[0m
[7.386s] [100%] Built target ball_detector
[7.392s] Invoked command in '/home/robotics/ur16_ros2_ws/src/ball_detector_cpp/build/ball_detector_cpp' returned '0': CMAKE_PREFIX_PATH=${CMAKE_PREFIX_PATH}:/opt/ros/humble /usr/bin/cmake --build /home/robotics/ur16_ros2_ws/src/ball_detector_cpp/build/ball_detector_cpp -- -j20 -l20
[7.409s] Invoking command in '/home/robotics/ur16_ros2_ws/src/ball_detector_cpp/build/ball_detector_cpp': CMAKE_PREFIX_PATH=${CMAKE_PREFIX_PATH}:/opt/ros/humble /usr/bin/cmake --install /home/robotics/ur16_ros2_ws/src/ball_detector_cpp/build/ball_detector_cpp
[7.413s] -- Install configuration: ""
[7.413s] -- Installing: /home/robotics/ur16_ros2_ws/src/ball_detector_cpp/install/ball_detector_cpp/lib/ball_detector_cpp/ball_detector
[7.416s] -- Set runtime path of "/home/robotics/ur16_ros2_ws/src/ball_detector_cpp/install/ball_detector_cpp/lib/ball_detector_cpp/ball_detector" to ""
[7.416s] -- Up-to-date: /home/robotics/ur16_ros2_ws/src/ball_detector_cpp/install/ball_detector_cpp/share/ament_index/resource_index/package_run_dependencies/ball_detector_cpp
[7.416s] -- Up-to-date: /home/robotics/ur16_ros2_ws/src/ball_detector_cpp/install/ball_detector_cpp/share/ament_index/resource_index/parent_prefix_path/ball_detector_cpp
[7.417s] -- Up-to-date: /home/robotics/ur16_ros2_ws/src/ball_detector_cpp/install/ball_detector_cpp/share/ball_detector_cpp/environment/ament_prefix_path.sh
[7.417s] -- Up-to-date: /home/robotics/ur16_ros2_ws/src/ball_detector_cpp/install/ball_detector_cpp/share/ball_detector_cpp/environment/ament_prefix_path.dsv
[7.417s] -- Up-to-date: /home/robotics/ur16_ros2_ws/src/ball_detector_cpp/install/ball_detector_cpp/share/ball_detector_cpp/environment/path.sh
[7.417s] -- Up-to-date: /home/robotics/ur16_ros2_ws/src/ball_detector_cpp/install/ball_detector_cpp/share/ball_detector_cpp/environment/path.dsv
[7.417s] -- Up-to-date: /home/robotics/ur16_ros2_ws/src/ball_detector_cpp/install/ball_detector_cpp/share/ball_detector_cpp/local_setup.bash
[7.417s] -- Up-to-date: /home/robotics/ur16_ros2_ws/src/ball_detector_cpp/install/ball_detector_cpp/share/ball_detector_cpp/local_setup.sh
[7.417s] -- Up-to-date: /home/robotics/ur16_ros2_ws/src/ball_detector_cpp/install/ball_detector_cpp/share/ball_detector_cpp/local_setup.zsh
[7.417s] -- Up-to-date: /home/robotics/ur16_ros2_ws/src/ball_detector_cpp/install/ball_detector_cpp/share/ball_detector_cpp/local_setup.dsv
[7.418s] -- Installing: /home/robotics/ur16_ros2_ws/src/ball_detector_cpp/install/ball_detector_cpp/share/ball_detector_cpp/package.dsv
[7.418s] -- Up-to-date: /home/robotics/ur16_ros2_ws/src/ball_detector_cpp/install/ball_detector_cpp/share/ament_index/resource_index/packages/ball_detector_cpp
[7.418s] -- Up-to-date: /home/robotics/ur16_ros2_ws/src/ball_detector_cpp/install/ball_detector_cpp/share/ball_detector_cpp/cmake/ball_detector_cppConfig.cmake
[7.418s] -- Up-to-date: /home/robotics/ur16_ros2_ws/src/ball_detector_cpp/install/ball_detector_cpp/share/ball_detector_cpp/cmake/ball_detector_cppConfig-version.cmake
[7.418s] -- Up-to-date: /home/robotics/ur16_ros2_ws/src/ball_detector_cpp/install/ball_detector_cpp/share/ball_detector_cpp/package.xml
[7.418s] Invoked command in '/home/robotics/ur16_ros2_ws/src/ball_detector_cpp/build/ball_detector_cpp' returned '0': CMAKE_PREFIX_PATH=${CMAKE_PREFIX_PATH}:/opt/ros/humble /usr/bin/cmake --install /home/robotics/ur16_ros2_ws/src/ball_detector_cpp/build/ball_detector_cpp
