-- Found ament_cmake: 1.3.10 (/opt/ros/humble/share/ament_cmake/cmake)
-- Found rclcpp: 16.0.10 (/opt/ros/humble/share/rclcpp/cmake)
-- Found rosidl_generator_c: 3.1.5 (/opt/ros/humble/share/rosidl_generator_c/cmake)
-- Found rosidl_adapter: 3.1.5 (/opt/ros/humble/share/rosidl_adapter/cmake)
-- Found rosidl_generator_cpp: 3.1.5 (/opt/ros/humble/share/rosidl_generator_cpp/cmake)
-- Using all available rosidl_typesupport_c: rosidl_typesupport_fastrtps_c;rosidl_typesupport_introspection_c
-- Using all available rosidl_typesupport_cpp: rosidl_typesupport_fastrtps_cpp;rosidl_typesupport_introspection_cpp
-- Found rmw_implementation_cmake: 6.1.2 (/opt/ros/humble/share/rmw_implementation_cmake/cmake)
-- Found rmw_fastrtps_cpp: 6.2.7 (/opt/ros/humble/share/rmw_fastrtps_cpp/cmake)
-- Using RMW implementation 'rmw_fastrtps_cpp' as default
-- Found sensor_msgs: 4.2.4 (/opt/ros/humble/share/sensor_msgs/cmake)
-- Found tf2: 0.25.7 (/opt/ros/humble/share/tf2/cmake)
-- Found tf2_ros: 0.25.7 (/opt/ros/humble/share/tf2_ros/cmake)
-- Found tf2_geometry_msgs: 0.25.7 (/opt/ros/humble/share/tf2_geometry_msgs/cmake)
-- Found eigen3_cmake_module: 0.1.1 (/opt/ros/humble/share/eigen3_cmake_module/cmake)
-- Ensuring Eigen3 include directory is part of orocos-kdl CMake target
-- Found cv_bridge: 3.2.1 (/opt/ros/humble/share/cv_bridge/cmake)
-- Configuring done
-- Generating done
-- Build files have been written to: /home/robotics/ur16_ros2_ws/src/ball_detector_cpp/build/ball_detector_cpp
[35m[1mConsolidate compiler generated dependencies of target ball_detector[0m
[100%] Built target ball_detector
-- Install configuration: ""
-- Up-to-date: /home/robotics/ur16_ros2_ws/src/ball_detector_cpp/install/ball_detector_cpp/lib/ball_detector_cpp/ball_detector
-- Up-to-date: /home/robotics/ur16_ros2_ws/src/ball_detector_cpp/install/ball_detector_cpp/share/ament_index/resource_index/package_run_dependencies/ball_detector_cpp
-- Installing: /home/robotics/ur16_ros2_ws/src/ball_detector_cpp/install/ball_detector_cpp/share/ament_index/resource_index/parent_prefix_path/ball_detector_cpp
-- Up-to-date: /home/robotics/ur16_ros2_ws/src/ball_detector_cpp/install/ball_detector_cpp/share/ball_detector_cpp/environment/ament_prefix_path.sh
-- Installing: /home/robotics/ur16_ros2_ws/src/ball_detector_cpp/install/ball_detector_cpp/share/ball_detector_cpp/environment/ament_prefix_path.dsv
-- Up-to-date: /home/robotics/ur16_ros2_ws/src/ball_detector_cpp/install/ball_detector_cpp/share/ball_detector_cpp/environment/path.sh
-- Installing: /home/robotics/ur16_ros2_ws/src/ball_detector_cpp/install/ball_detector_cpp/share/ball_detector_cpp/environment/path.dsv
-- Up-to-date: /home/robotics/ur16_ros2_ws/src/ball_detector_cpp/install/ball_detector_cpp/share/ball_detector_cpp/local_setup.bash
-- Up-to-date: /home/robotics/ur16_ros2_ws/src/ball_detector_cpp/install/ball_detector_cpp/share/ball_detector_cpp/local_setup.sh
-- Up-to-date: /home/robotics/ur16_ros2_ws/src/ball_detector_cpp/install/ball_detector_cpp/share/ball_detector_cpp/local_setup.zsh
-- Installing: /home/robotics/ur16_ros2_ws/src/ball_detector_cpp/install/ball_detector_cpp/share/ball_detector_cpp/local_setup.dsv
-- Installing: /home/robotics/ur16_ros2_ws/src/ball_detector_cpp/install/ball_detector_cpp/share/ball_detector_cpp/package.dsv
-- Up-to-date: /home/robotics/ur16_ros2_ws/src/ball_detector_cpp/install/ball_detector_cpp/share/ament_index/resource_index/packages/ball_detector_cpp
-- Up-to-date: /home/robotics/ur16_ros2_ws/src/ball_detector_cpp/install/ball_detector_cpp/share/ball_detector_cpp/cmake/ball_detector_cppConfig.cmake
-- Up-to-date: /home/robotics/ur16_ros2_ws/src/ball_detector_cpp/install/ball_detector_cpp/share/ball_detector_cpp/cmake/ball_detector_cppConfig-version.cmake
-- Installing: /home/robotics/ur16_ros2_ws/src/ball_detector_cpp/install/ball_detector_cpp/share/ball_detector_cpp/package.xml
