[0.006s] Invoking command in '/home/robotics/ur16_ros2_ws/src/ball_detector_cpp/build/ball_detector_cpp': CMAKE_PREFIX_PATH=${CMAKE_PREFIX_PATH}:/opt/ros/humble /usr/bin/cmake --build /home/robotics/ur16_ros2_ws/src/ball_detector_cpp/build/ball_detector_cpp -- -j20 -l20
[0.019s] -- Found ament_cmake: 1.3.10 (/opt/ros/humble/share/ament_cmake/cmake)
[0.091s] -- Found rclcpp: 16.0.10 (/opt/ros/humble/share/rclcpp/cmake)
[0.108s] -- Found rosidl_generator_c: 3.1.5 (/opt/ros/humble/share/rosidl_generator_c/cmake)
[0.110s] -- Found rosidl_adapter: 3.1.5 (/opt/ros/humble/share/rosidl_adapter/cmake)
[0.113s] -- Found rosidl_generator_cpp: 3.1.5 (/opt/ros/humble/share/rosidl_generator_cpp/cmake)
[0.118s] -- Using all available rosidl_typesupport_c: rosidl_typesupport_fastrtps_c;rosidl_typesupport_introspection_c
[0.126s] -- Using all available rosidl_typesupport_cpp: rosidl_typesupport_fastrtps_cpp;rosidl_typesupport_introspection_cpp
[0.143s] -- Found rmw_implementation_cmake: 6.1.2 (/opt/ros/humble/share/rmw_implementation_cmake/cmake)
[0.144s] -- Found rmw_fastrtps_cpp: 6.2.7 (/opt/ros/humble/share/rmw_fastrtps_cpp/cmake)
[0.207s] -- Using RMW implementation 'rmw_fastrtps_cpp' as default
[0.234s] -- Found sensor_msgs: 4.2.4 (/opt/ros/humble/share/sensor_msgs/cmake)
[0.250s] -- Found tf2: 0.25.7 (/opt/ros/humble/share/tf2/cmake)
[0.252s] -- Found tf2_ros: 0.25.7 (/opt/ros/humble/share/tf2_ros/cmake)
[0.292s] -- Found tf2_geometry_msgs: 0.25.7 (/opt/ros/humble/share/tf2_geometry_msgs/cmake)
[0.293s] -- Found eigen3_cmake_module: 0.1.1 (/opt/ros/humble/share/eigen3_cmake_module/cmake)
[0.294s] -- Ensuring Eigen3 include directory is part of orocos-kdl CMake target
[0.295s] -- Found cv_bridge: 3.2.1 (/opt/ros/humble/share/cv_bridge/cmake)
[0.342s] -- Configuring done
[0.350s] -- Generating done
[0.351s] -- Build files have been written to: /home/robotics/ur16_ros2_ws/src/ball_detector_cpp/build/ball_detector_cpp
[0.367s] [35m[1mConsolidate compiler generated dependencies of target ball_detector[0m
[0.379s] [100%] Built target ball_detector
[0.385s] Invoked command in '/home/robotics/ur16_ros2_ws/src/ball_detector_cpp/build/ball_detector_cpp' returned '0': CMAKE_PREFIX_PATH=${CMAKE_PREFIX_PATH}:/opt/ros/humble /usr/bin/cmake --build /home/robotics/ur16_ros2_ws/src/ball_detector_cpp/build/ball_detector_cpp -- -j20 -l20
[0.402s] Invoking command in '/home/robotics/ur16_ros2_ws/src/ball_detector_cpp/build/ball_detector_cpp': CMAKE_PREFIX_PATH=${CMAKE_PREFIX_PATH}:/opt/ros/humble /usr/bin/cmake --install /home/robotics/ur16_ros2_ws/src/ball_detector_cpp/build/ball_detector_cpp
[0.406s] -- Install configuration: ""
[0.406s] -- Up-to-date: /home/robotics/ur16_ros2_ws/src/ball_detector_cpp/install/ball_detector_cpp/lib/ball_detector_cpp/ball_detector
[0.406s] -- Up-to-date: /home/robotics/ur16_ros2_ws/src/ball_detector_cpp/install/ball_detector_cpp/share/ament_index/resource_index/package_run_dependencies/ball_detector_cpp
[0.406s] -- Installing: /home/robotics/ur16_ros2_ws/src/ball_detector_cpp/install/ball_detector_cpp/share/ament_index/resource_index/parent_prefix_path/ball_detector_cpp
[0.406s] -- Up-to-date: /home/robotics/ur16_ros2_ws/src/ball_detector_cpp/install/ball_detector_cpp/share/ball_detector_cpp/environment/ament_prefix_path.sh
[0.407s] -- Installing: /home/robotics/ur16_ros2_ws/src/ball_detector_cpp/install/ball_detector_cpp/share/ball_detector_cpp/environment/ament_prefix_path.dsv
[0.407s] -- Up-to-date: /home/robotics/ur16_ros2_ws/src/ball_detector_cpp/install/ball_detector_cpp/share/ball_detector_cpp/environment/path.sh
[0.407s] -- Installing: /home/robotics/ur16_ros2_ws/src/ball_detector_cpp/install/ball_detector_cpp/share/ball_detector_cpp/environment/path.dsv
[0.407s] -- Up-to-date: /home/robotics/ur16_ros2_ws/src/ball_detector_cpp/install/ball_detector_cpp/share/ball_detector_cpp/local_setup.bash
[0.407s] -- Up-to-date: /home/robotics/ur16_ros2_ws/src/ball_detector_cpp/install/ball_detector_cpp/share/ball_detector_cpp/local_setup.sh
[0.407s] -- Up-to-date: /home/robotics/ur16_ros2_ws/src/ball_detector_cpp/install/ball_detector_cpp/share/ball_detector_cpp/local_setup.zsh
[0.407s] -- Installing: /home/robotics/ur16_ros2_ws/src/ball_detector_cpp/install/ball_detector_cpp/share/ball_detector_cpp/local_setup.dsv
[0.407s] -- Installing: /home/robotics/ur16_ros2_ws/src/ball_detector_cpp/install/ball_detector_cpp/share/ball_detector_cpp/package.dsv
[0.407s] -- Up-to-date: /home/robotics/ur16_ros2_ws/src/ball_detector_cpp/install/ball_detector_cpp/share/ament_index/resource_index/packages/ball_detector_cpp
[0.407s] -- Up-to-date: /home/robotics/ur16_ros2_ws/src/ball_detector_cpp/install/ball_detector_cpp/share/ball_detector_cpp/cmake/ball_detector_cppConfig.cmake
[0.407s] -- Up-to-date: /home/robotics/ur16_ros2_ws/src/ball_detector_cpp/install/ball_detector_cpp/share/ball_detector_cpp/cmake/ball_detector_cppConfig-version.cmake
[0.407s] -- Installing: /home/robotics/ur16_ros2_ws/src/ball_detector_cpp/install/ball_detector_cpp/share/ball_detector_cpp/package.xml
[0.408s] Invoked command in '/home/robotics/ur16_ros2_ws/src/ball_detector_cpp/build/ball_detector_cpp' returned '0': CMAKE_PREFIX_PATH=${CMAKE_PREFIX_PATH}:/opt/ros/humble /usr/bin/cmake --install /home/robotics/ur16_ros2_ws/src/ball_detector_cpp/build/ball_detector_cpp
